mode: set
hevnly/eevy/listener/lambda.go:20.43,32.45 6 0
hevnly/eevy/listener/lambda.go:32.45,35.3 2 0
hevnly/eevy/listener/lambda.go:35.3,35.23 1 0
hevnly/eevy/listener/lambda.go:35.23,38.3 2 0
hevnly/eevy/listener/lambda.go:41.48,46.2 3 0
hevnly/eevy/listener/listener.go:36.51,38.19 2 0
hevnly/eevy/listener/listener.go:46.2,47.13 2 0
hevnly/eevy/listener/listener.go:39.2,40.18 1 0
hevnly/eevy/listener/listener.go:41.2,42.21 1 0
hevnly/eevy/listener/listener.go:43.2,44.21 1 0
hevnly/eevy/listener/listener.go:50.55,52.16 1 1
hevnly/eevy/listener/listener.go:57.2,57.19 1 1
hevnly/eevy/listener/listener.go:62.2,65.17 3 1
hevnly/eevy/listener/listener.go:68.2,72.15 2 1
hevnly/eevy/listener/listener.go:78.2,78.36 1 1
hevnly/eevy/listener/listener.go:84.2,85.18 2 1
hevnly/eevy/listener/listener.go:90.2,96.21 3 1
hevnly/eevy/listener/listener.go:99.2,99.27 1 1
hevnly/eevy/listener/listener.go:52.16,54.3 1 1
hevnly/eevy/listener/listener.go:57.19,60.3 2 1
hevnly/eevy/listener/listener.go:65.17,67.3 1 1
hevnly/eevy/listener/listener.go:72.15,75.3 2 0
hevnly/eevy/listener/listener.go:78.36,81.3 2 1
hevnly/eevy/listener/listener.go:85.18,87.3 1 1
hevnly/eevy/listener/listener.go:87.3,89.3 1 1
hevnly/eevy/listener/listener.go:96.21,98.3 1 1
hevnly/eevy/listener/listener.go:102.47,109.47 3 1
hevnly/eevy/listener/listener.go:115.2,115.34 1 1
hevnly/eevy/listener/listener.go:120.2,120.19 1 1
hevnly/eevy/listener/listener.go:125.2,126.17 2 1
hevnly/eevy/listener/listener.go:131.2,131.36 1 1
hevnly/eevy/listener/listener.go:134.2,134.20 1 1
hevnly/eevy/listener/listener.go:109.47,110.40 1 1
hevnly/eevy/listener/listener.go:110.40,112.4 1 1
hevnly/eevy/listener/listener.go:115.34,117.3 1 1
hevnly/eevy/listener/listener.go:120.19,123.3 2 1
hevnly/eevy/listener/listener.go:126.17,128.3 1 1
hevnly/eevy/listener/listener.go:131.36,133.3 1 1
hevnly/eevy/listener/listener.go:137.73,141.24 3 1
hevnly/eevy/listener/listener.go:155.2,155.10 1 1
hevnly/eevy/listener/listener.go:141.24,144.17 3 1
hevnly/eevy/listener/listener.go:145.3,147.21 2 1
hevnly/eevy/listener/listener.go:152.4,152.38 1 1
hevnly/eevy/listener/listener.go:147.21,149.5 1 1
hevnly/eevy/listener/listener.go:149.5,151.5 1 1
hevnly/eevy/listener/listener.go:158.63,161.2 2 1
hevnly/eevy/listener/listener.go:163.63,164.56 1 1
hevnly/eevy/listener/listener.go:167.2,167.44 1 1
hevnly/eevy/listener/listener.go:164.56,166.3 1 1
hevnly/eevy/listener/oauth2.go:25.43,40.14 7 0
hevnly/eevy/listener/oauth2.go:49.2,49.16 1 0
hevnly/eevy/listener/oauth2.go:53.2,55.16 3 0
hevnly/eevy/listener/oauth2.go:58.2,58.33 1 0
hevnly/eevy/listener/oauth2.go:41.2,42.28 1 0
hevnly/eevy/listener/oauth2.go:43.2,44.38 1 0
hevnly/eevy/listener/oauth2.go:45.2,47.9 2 0
hevnly/eevy/listener/oauth2.go:49.16,52.3 2 0
hevnly/eevy/listener/oauth2.go:55.16,57.3 1 0
hevnly/eevy/listener/oauth2.go:61.60,63.2 1 0
hevnly/eevy/listener/oauth2.go:65.53,67.2 1 0
hevnly/eevy/listener/oauth2.go:69.48,78.2 7 0
hevnly/eevy/listener/sqs.go:19.40,31.45 6 0
hevnly/eevy/listener/sqs.go:31.45,34.3 1 0
hevnly/eevy/listener/sqs.go:34.3,34.23 1 0
hevnly/eevy/listener/sqs.go:34.23,36.3 1 0
hevnly/eevy/listener/sqs.go:39.45,44.2 3 0
